<?xml version="1.0" encoding="UTF-8"?>
<!-- Generated by org.testng.reporters.JUnitXMLReporter -->
<testsuite ignored="0" hostname="LAPTOP-UQ6UL893" failures="0" tests="3" name="Functional Testing" time="127.965" errors="0" timestamp="2021-05-04T11:22:00 IST">
  <testcase classname="com.alibaba.TC_Alibaba" name="SignIn" time="28.271"/>
  <testcase classname="com.alibaba.TC_Alibaba" name="SearchItem" time="50.73"/>
  <testcase classname="com.alibaba.TC_Alibaba" name="SignOut" time="16.217"/>
</testsuite> <!-- Functional Testing -->
