<?xml version="1.0" encoding="UTF-8"?>
<!-- Generated by org.testng.reporters.JUnitXMLReporter -->
<testsuite ignored="0" hostname="LAPTOP-UQ6UL893" failures="0" tests="3" name="Test" time="146.824" errors="0" timestamp="2021-05-06T12:52:10 IST">
  <testcase classname="com.alibaba.TC_Alibaba" name="SignIn" time="29.845"/>
  <testcase classname="com.alibaba.TC_Alibaba" name="SearchItem" time="38.521"/>
  <testcase classname="com.alibaba.TC_Alibaba" name="SignOut" time="8.162"/>
</testsuite> <!-- Test -->
